     1                                  bits 32 ; assembling for the 32 bits architecture
     2                                  
     3                                  ; declare the EntryPoint (a label defining the very first instruction of the program)
     4                                  global start        
     5                                  
     6                                  ; declare external functions needed by our program
     7                                  extern exit, fopen, scanf, fprintf, fread               ; tell nasm that exit exists even if we won't be defining it
     8                                  import exit msvcrt.dll    ; exit is a function that ends the calling process. It is defined in msvcrt.dll
     9                                  import fopen msvcrt.dll
    10                                  import fprintf msvcrt.dll
    11                                  import scanf msvcrt.dll
    12                                  import fread msvcrt.dll
    13                                                            ; msvcrt.dll contains exit, printf and all the other important C-runtime specific functions
    14                                  
    15                                  ; our data is declared here (the variables needed by our program)
    16                                  segment data use32 class=data
    17                                      ; ...
    18 00000000 00<rept>                    nf times 50 db 0
    19 00000032 6F75747075742E7478-         nf_output db 'output.txt', 0
    19 0000003B 7400               
    20 0000003D 7200                        ma_input db 'r', 0
    21 0000003F 6100                        ma_output db 'a', 0
    22 00000041 00000000                    descriptor_input dd 0
    23 00000045 00000000                    descriptor_output dd 0
    24 00000049 00000000                    n dd 0
    25 0000004D 257300                      format_sir db '%s', 0
    26 00000050 256400                      format_nr db '%d', 0
    27 00000053 25732000                    format_cuvant_afisare db '%s ', 0
    28 00000057 00<rept>                    text times 100 db 0
    29 000000BB 00<rept>                    cuvant times 100 db 0
    30                                  
    31                                  ; our code starts here
    32                                  segment code use32 class=code
    33                                      start:
    34                                          ; ...
    35 00000000 68[00000000]                    push dword nf
    36 00000005 68[4D000000]                    push dword format_sir
    37 0000000A FF15[00000000]                  call [scanf]
    38 00000010 83C408                          add ESP, 4*2 ; citim numele fisierului
    39                                          
    40 00000013 68[49000000]                    push dword n
    41 00000018 68[50000000]                    push dword format_nr
    42 0000001D FF15[00000000]                  call [scanf]
    43 00000023 83C408                          add ESP, 4*2 ; citim numarul n
    44                                          
    45 00000026 68[3D000000]                    push dword ma_input
    46 0000002B 68[00000000]                    push dword nf
    47 00000030 FF15[00000000]                  call [fopen]
    48 00000036 83C408                          add ESP, 4*2
    49 00000039 83F800                          cmp EAX, 0
    50 0000003C 0F8491000000                    jz eroare_deschidere
    51 00000042 A3[41000000]                    mov [descriptor_input], EAX ; deschidem fisierul si retinem descriptorul sau
    52                                          
    53 00000047 68[3F000000]                    push dword ma_output
    54 0000004C 68[32000000]                    push dword nf_output
    55 00000051 FF15[00000000]                  call [fopen]
    56 00000057 83C408                          add ESP, 4*2
    57 0000005A 83F800                          cmp EAX, 0
    58 0000005D 7474                            jz eroare_deschidere
    59 0000005F A3[45000000]                    mov [descriptor_output], EAX
    60                                          
    61 00000064 68[57000000]                    push dword text
    62 00000069 6A01                            push dword 1
    63 0000006B 6A64                            push dword 100
    64 0000006D FF35[41000000]                  push dword [descriptor_input]
    65 00000073 FF15[00000000]                  call [fread]
    66 00000079 83C410                          add ESP, 4*4 ; citim in text tot continutul fisierului
    67                                          
    68 0000007C BE[57000000]                    mov ESI, text
    69 00000081 BF[BB000000]                    mov EDI, cuvant ; retinem la fiecare pas cuvantul
    70 00000086 B800000000                      mov EAX, 0
    71 0000008B BB00000000                      mov EBX, 0 ; vom retine numarul de caractere parcurse ale cuvantului curent
    72 00000090 FC                              cld
    73                                          repeta:
    74 00000091 AC                                  lodsb ; AL <- [ESI] adica caracterul curent
    75 00000092 AA                                  stosb ; [EDI] <- AL
    76 00000093 3C61                                cmp AL, 'a'
    77 00000095 7235                                jb nu_e_litera
    78                                              
    79 00000097 3C7A                                cmp AL, 'z'
    80 00000099 7731                                ja nu_e_litera
    81                                              
    82 0000009B 43                                  inc EBX
    83 0000009C 803E61                              cmp byte[ESI], 'a' ; dupa lodsb, ESI creste cu o pozitie deci ajunge la caracterul urmator.
    84                                                             ; verificam daca cuvantul continua sau s-a sfarsit si in EBX e numarul lui de caractere
    85 0000009F 7230                                jb cuvantul_continua
    86                                              
    87 000000A1 803E7A                              cmp byte[ESI], 'z'
    88 000000A4 772B                                ja cuvantul_continua
    89                                              
    90 000000A6 3B1D[49000000]                      cmp EBX, [n]
    91 000000AC 751E                                jne nu_are_lungimea_buna
    92                                              
    93 000000AE 68[BB000000]                        push dword cuvant
    94 000000B3 68[53000000]                        push dword format_cuvant_afisare
    95 000000B8 FF35[45000000]                      push dword [descriptor_output]
    96 000000BE FF15[00000000]                      call [fprintf]
    97 000000C4 83C40C                              add ESP, 4*3
    98                                              
    99 000000C7 BF[BB000000]                        mov EDI, cuvant ; resetam cuvantul
   100                                              
   101                                              nu_are_lungimea_buna:
   102                                              nu_e_litera:
   103 000000CC BB00000000                          mov EBX, 0
   104                                              cuvantul_continua:
   105 000000D1 EBBE                            jmp repeta
   106                                          eroare_deschidere:
   107                                          ; exit(0)
   108 000000D3 6A00                            push    dword 0      ; push the parameter for exit onto the stack
   109 000000D5 FF15[00000000]                  call    [exit]       ; call exit to terminate the program
   110                                  
   111                                          
   112                                          ; fread(buffer=sir,size=1,count=100,descriptor)
