     1                                  bits 32 ; assembling for the 32 bits architecture
     2                                  
     3                                  ; declare the EntryPoint (a label defining the very first instruction of the program)
     4                                  global start        
     5                                  
     6                                  ; declare external functions needed by our program
     7                                  extern exit               ; tell nasm that exit exists even if we won't be defining it
     8                                  import exit msvcrt.dll    ; exit is a function that ends the calling process. It is defined in msvcrt.dll
     9                                                            ; msvcrt.dll contains exit, printf and all the other important C-runtime specific functions
    10                                  
    11                                  ; our data is declared here (the variables needed by our program)
    12                                  segment data use32 class=data
    13                                      ; ...
    14 00000000 2C01                        d dw 300
    15                                  
    16                                  ; our code starts here
    17                                  segment code use32 class=code
    18                                      start:
    19                                          ; ...
    20 00000000 66B86400                        mov ax, 100
    21 00000004 668305[00000000]03              add WORD[d], 3
    22 0000000C 66F725[00000000]                mul WORD[d]
    23 00000013 6683E80A                        sub ax, 10
    24 00000017 66832D[00000000]03              sub WORD[d], 3
    25 0000001F 66F735[00000000]                div WORD[d]
    26                                      
    27                                          ; exit(0)
    28 00000026 6A00                            push    dword 0      ; push the parameter for exit onto the stack
    29 00000028 FF15[00000000]                  call    [exit]       ; call exit to terminate the program
