     1                                  bits 32 ; assembling for the 32 bits architecture
     2                                  
     3                                  ; declare the EntryPoint (a label defining the very first instruction of the program)
     4                                  global start        
     5                                  
     6                                  ; declare external functions needed by our program
     7                                  extern exit               ; tell nasm that exit exists even if we won't be defining it
     8                                  import exit msvcrt.dll    ; exit is a function that ends the calling process. It is defined in msvcrt.dll
     9                                                            ; msvcrt.dll contains exit, printf and all the other important C-runtime specific functions
    10                                  
    11                                  ; our data is declared here (the variables needed by our program)
    12                                  segment data use32 class=data
    13                                      ; ...
    14 00000000 694B                        a dw 0100101101101001b
    15 00000002 D1B7                        b dw 1011011111010001b
    16 00000004 00000000                    c dd 0
    17                                  
    18                                  ; our code starts here
    19                                  segment code use32 class=code
    20                                      start:
    21                                          ; ...
    22 00000000 668B1D[04000000]                mov bx, [c]
    23 00000007 668B0D[06000000]                mov cx, [c+2] ; cx:bx = c
    24 0000000E B31F                            mov bl, 11111b ; bitii 0-4 au val 1
    25 00000010 B800000000                      mov eax, 0
    26 00000015 66A1[00000000]                  mov ax, [a]
    27 0000001B 6683E07F                        and ax, 1111111b ; izolam bitii 0-6 ai lui a
    28 0000001F 66C1E005                        shl ax, 5 ; bitii 0-6 ai lui a pe pozitiile 5-11
    29 00000023 6609C3                          or bx, ax ; bitii 5-11 ai lui c    
    30 00000026 B800000000                      mov eax, 0
    31 0000002B 66A1[02000000]                  mov ax, [b]
    32 00000031 6625000F                        and ax, 111100000000b ; izolam bitii 8-11 ai lui b
    33 00000035 66C1E004                        shl ax, 4 ; bitii 8-11 ai lui b pe pozitiile 12-15
    34 00000039 6601C3                          add bx, ax
    35 0000003C 66B96500                        mov cx, 0000000001100101b ; bitii 16-31 ai lui c
    36 00000040 6651                            push cx
    37 00000042 6653                            push bx
    38 00000044 5B                              pop ebx ; in ebx avem dublucuvantul c cerut
    39                                      
    40                                          ; exit(0)
    41 00000045 6A00                            push    dword 0      ; push the parameter for exit onto the stack
    42 00000047 FF15[00000000]                  call    [exit]       ; call exit to terminate the program
