     1                                  bits 32 ; assembling for the 32 bits architecture
     2                                  
     3                                  ; declare the EntryPoint (a label defining the very first instruction of the program)
     4                                  global start        
     5                                  
     6                                  ; declare external functions needed by our program
     7                                  extern exit               ; tell nasm that exit exists even if we won't be defining it
     8                                  import exit msvcrt.dll    ; exit is a function that ends the calling process. It is defined in msvcrt.dll
     9                                                            ; msvcrt.dll contains exit, printf and all the other important C-runtime specific functions
    10                                  
    11                                  ; our data is declared here (the variables needed by our program)
    12                                  segment data use32 class=data
    13                                      ; ...
    14 00000000 06                          a db 6
    15 00000001 05                          b db 5
    16 00000002 08                          c db 8
    17 00000003 03                          d db 3
    18                                  
    19                                  ; our code starts here
    20                                  segment code use32 class=code
    21                                      start:
    22                                          ; ...
    23 00000000 A0[00000000]                    mov al, [a]
    24 00000005 F625[01000000]                  mul BYTE[b]
    25 0000000B F635[03000000]                  div BYTE[d]
    26 00000011 2A05[02000000]                  sub al, [c]
    27                                      
    28                                          ; exit(0)
    29 00000017 6A00                            push    dword 0      ; push the parameter for exit onto the stack
    30 00000019 FF15[00000000]                  call    [exit]       ; call exit to terminate the program
