     1                                  bits 32 ; assembling for the 32 bits architecture
     2                                  
     3                                  ; declare the EntryPoint (a label defining the very first instruction of the program)
     4                                  global start        
     5                                  
     6                                  ; declare external functions needed by our program
     7                                  extern exit               ; tell nasm that exit exists even if we won't be defining it
     8                                  import exit msvcrt.dll    ; exit is a function that ends the calling process. It is defined in msvcrt.dll
     9                                                            ; msvcrt.dll contains exit, printf and all the other important C-runtime specific functions
    10                                  
    11                                  ; our data is declared here (the variables needed by our program)
    12                                  segment data use32 class=data
    13                                      ; ...
    14 00000000 17                          a db 23
    15 00000001 03                          b db 3
    16 00000002 02                          c db 2
    17 00000003 05                          d db 5
    18                                  
    19                                  ; our code starts here
    20                                  segment code use32 class=code
    21                                      start:
    22                                          ; ...
    23 00000000 A0[00000000]                    mov al, [a]
    24 00000005 2A05[01000000]                  sub al, [b]
    25 0000000B F625[02000000]                  mul BYTE[c]
    26 00000011 F635[03000000]                  div BYTE[d]
    27                                      
    28                                          ; exit(0)
    29 00000017 6A00                            push    dword 0      ; push the parameter for exit onto the stack
    30 00000019 FF15[00000000]                  call    [exit]       ; call exit to terminate the program
