     1                                  bits 32 ; assembling for the 32 bits architecture
     2                                  
     3                                  ; declare the EntryPoint (a label defining the very first instruction of the program)
     4                                  global start
     5                                  
     6                                  ; declare external functions needed by our program
     7                                  extern exit, fscanf, printf, fopen               ; tell nasm that exit exists even if we won't be defining it
     8                                  import exit msvcrt.dll    ; exit is a function that ends the calling process. It is defined in msvcrt.dll
     9                                  import fscanf msvcrt.dll
    10                                  import printf msvcrt.dll
    11                                  import fopen msvcrt.dll
    12                                                            ; msvcrt.dll contains exit, printf and all the other important C-runtime specific functions
    13                                  
    14                                  ; our data is declared here (the variables needed by our program)
    15                                  segment data use32 class=data
    16                                      ; ...
    17 00000000 666973696572322E74-         nf db 'fisier2.txt', 0
    17 00000009 787400             
    18 0000000C 7200                        ma db 'r', 0
    19 0000000E 00000000                    descriptor dd 0
    20 00000012 00000000                    litera dd 0
    21 00000016 256300                      format db '%c', 0
    22                                  
    23                                  ; our code starts here
    24                                  segment code use32 class=code
    25                                      start:
    26                                          ; ...
    27 00000000 68[0C000000]                    push dword ma
    28 00000005 68[00000000]                    push dword nf
    29 0000000A FF15[00000000]                  call [fopen]
    30 00000010 83C408                          add ESP, 4*2
    31 00000013 83F800                          cmp EAX, 0
    32 00000016 0F8483000000                    jz eroare_deschidere
    33 0000001C A3[0E000000]                    mov [descriptor], EAX
    34                                          
    35                                          repeta:
    36                                          
    37 00000021 68[12000000]                    push dword litera
    38 00000026 68[16000000]                    push dword format
    39 0000002B FF35[0E000000]                  push dword [descriptor]
    40 00000031 FF15[00000000]                  call [fscanf]
    41 00000037 83C40C                          add ESP, 4*3
    42 0000003A 83F8FF                          cmp EAX, -1
    43 0000003D 7460                            jz gata_citire
    44                                          
    45 0000003F 833D[12000000]20                cmp dword[litera], ' '
    46 00000046 7441                            jz nu_e_litera
    47                                          
    48 00000048 833D[12000000]61                cmp dword[litera], 'a'
    49 0000004F 7424                            jz litera_a
    50 00000051 833D[12000000]41                cmp dword[litera], 'A'
    51 00000058 741B                            jz litera_a
    52                                          
    53 0000005A 833D[12000000]62                cmp dword[litera], 'b'
    54 00000061 741C                            jz litera_b
    55 00000063 833D[12000000]42                cmp dword[litera], 'B'
    56 0000006A 7413                            jz litera_b
    57                                          
    58 0000006C 832D[12000000]02                sub dword[litera], 2
    59 00000073 EB14                            jmp gata_modificarea
    60                                          
    61                                          litera_a:
    62 00000075 C705[12000000]7900-             mov dword[litera], 'y'
    62 0000007D 0000               
    63                                          
    64                                          litera_b:
    65 0000007F C705[12000000]7A00-             mov dword[litera], 'z'
    65 00000087 0000               
    66                                          
    67                                          nu_e_litera:
    68                                          gata_modificarea:
    69 00000089 FF35[12000000]                  push dword [litera]
    70 0000008F 68[16000000]                    push dword format
    71 00000094 FF15[00000000]                  call [printf]
    72 0000009A 83C408                          add ESP, 4*2
    73                                          
    74 0000009D EB82                            jmp repeta
    75                                          gata_citire:
    76                                          
    77                                          eroare_deschidere:
    78                                          ; exit(0)
    79 0000009F 6A00                            push    dword 0      ; push the parameter for exit onto the stack
    80 000000A1 FF15[00000000]                  call    [exit]       ; call exit to terminate the program
